This is pdfTeX, Version 3.14159265-2.6-1.40.20 (TeX Live 2019/Debian) (preloaded format=pdflatex 2021.9.29)  29 SEP 2021 10:18
entering extended mode
 restricted \write18 enabled.
 %&-line parsing enabled.
**./images.tex
(./images.tex
LaTeX2e <2020-02-02> patch level 2
L3 programming layer <2020-02-14>
(/usr/share/texlive/texmf-dist/tex/latex/base/book.cls
Document Class: book 2019/12/20 v1.4l Standard LaTeX document class
(/usr/share/texlive/texmf-dist/tex/latex/base/bk10.clo
File: bk10.clo 2019/12/20 v1.4l Standard LaTeX file (size option)
)
\c@part=\count167
\c@chapter=\count168
\c@section=\count169
\c@subsection=\count170
\c@subsubsection=\count171
\c@paragraph=\count172
\c@subparagraph=\count173
\c@figure=\count174
\c@table=\count175
\abovecaptionskip=\skip47
\belowcaptionskip=\skip48
\bibindent=\dimen134
) (/usr/share/texlive/texmf-dist/tex/latex/base/ifthen.sty
Package: ifthen 2014/09/29 v1.1c Standard LaTeX ifthen package (DPC)
) (/usr/share/texlive/texmf-dist/tex/latex/geometry/geometry.sty
Package: geometry 2020/01/02 v5.9 Page Geometry
(/usr/share/texlive/texmf-dist/tex/latex/graphics/keyval.sty
Package: keyval 2014/10/28 v1.15 key=value parser (DPC)
\KV@toks@=\toks14
) (/usr/share/texlive/texmf-dist/tex/generic/iftex/ifvtex.sty
Package: ifvtex 2019/10/25 v1.7 ifvtex legacy package. Use iftex instead.
(/usr/share/texlive/texmf-dist/tex/generic/iftex/iftex.sty
Package: iftex 2019/11/07 v1.0c TeX engine tests
))
\Gm@cnth=\count176
\Gm@cntv=\count177
\c@Gm@tempcnt=\count178
\Gm@bindingoffset=\dimen135
\Gm@wd@mp=\dimen136
\Gm@odd@mp=\dimen137
\Gm@even@mp=\dimen138
\Gm@layoutwidth=\dimen139
\Gm@layoutheight=\dimen140
\Gm@layouthoffset=\dimen141
\Gm@layoutvoffset=\dimen142
\Gm@dimlist=\toks15
) (/usr/share/texlive/texmf-dist/tex/latex/tools/verbatim.sty
Package: verbatim 2019/11/10 v1.5r LaTeX2e package for verbatim enhancements
\every@verbatim=\toks16
\verbatim@line=\toks17
\verbatim@in@stream=\read2
) (/usr/share/texlive/texmf-dist/tex/latex/fancyvrb/fancyvrb.sty
Package: fancyvrb 2020/01/13 v3.5 verbatim text (tvz,hv)
\FV@CodeLineNo=\count179
\FV@InFile=\read3
\FV@TabBox=\box45
\c@FancyVerbLine=\count180
\FV@StepNumber=\count181
\FV@OutFile=\write3
) (/usr/share/texlive/texmf-dist/tex/latex/hyperref/hyperref.sty
Package: hyperref 2020/01/14 v7.00d Hypertext links for LaTeX
(/usr/share/texlive/texmf-dist/tex/generic/ltxcmds/ltxcmds.sty
Package: ltxcmds 2019/12/15 v1.24 LaTeX kernel commands for general use (HO)
) (/usr/share/texlive/texmf-dist/tex/latex/pdftexcmds/pdftexcmds.sty
Package: pdftexcmds 2019/11/24 v0.31 Utility functions of pdfTeX for LuaTeX (HO
)
(/usr/share/texlive/texmf-dist/tex/generic/infwarerr/infwarerr.sty
Package: infwarerr 2019/12/03 v1.5 Providing info/warning/error messages (HO)
)
Package pdftexcmds Info: \pdf@primitive is available.
Package pdftexcmds Info: \pdf@ifprimitive is available.
Package pdftexcmds Info: \pdfdraftmode found.
) (/usr/share/texlive/texmf-dist/tex/generic/kvsetkeys/kvsetkeys.sty
Package: kvsetkeys 2019/12/15 v1.18 Key value parser (HO)
) (/usr/share/texlive/texmf-dist/tex/generic/kvdefinekeys/kvdefinekeys.sty
Package: kvdefinekeys 2019-12-19 v1.6 Define keys (HO)
) (/usr/share/texlive/texmf-dist/tex/generic/pdfescape/pdfescape.sty
Package: pdfescape 2019/12/09 v1.15 Implements pdfTeX's escape features (HO)
) (/usr/share/texlive/texmf-dist/tex/latex/hycolor/hycolor.sty
Package: hycolor 2020-01-27 v1.10 Color options for hyperref/bookmark (HO)
) (/usr/share/texlive/texmf-dist/tex/latex/letltxmacro/letltxmacro.sty
Package: letltxmacro 2019/12/03 v1.6 Let assignment for LaTeX macros (HO)
) (/usr/share/texlive/texmf-dist/tex/latex/auxhook/auxhook.sty
Package: auxhook 2019-12-17 v1.6 Hooks for auxiliary files (HO)
) (/usr/share/texlive/texmf-dist/tex/latex/kvoptions/kvoptions.sty
Package: kvoptions 2019/11/29 v3.13 Key value format for package options (HO)
)
\@linkdim=\dimen143
\Hy@linkcounter=\count182
\Hy@pagecounter=\count183
(/usr/share/texlive/texmf-dist/tex/latex/hyperref/pd1enc.def
File: pd1enc.def 2020/01/14 v7.00d Hyperref: PDFDocEncoding definition (HO)
Now handling font encoding PD1 ...
... no UTF-8 mapping file for font encoding PD1
) (/usr/share/texlive/texmf-dist/tex/generic/intcalc/intcalc.sty
Package: intcalc 2019/12/15 v1.3 Expandable calculations with integers (HO)
) (/usr/share/texlive/texmf-dist/tex/generic/etexcmds/etexcmds.sty
Package: etexcmds 2019/12/15 v1.7 Avoid name clashes with e-TeX commands (HO)
)
\Hy@SavedSpaceFactor=\count184
\pdfmajorversion=\count185
Package hyperref Info: Hyper figures OFF on input line 4547.
Package hyperref Info: Link nesting OFF on input line 4552.
Package hyperref Info: Hyper index ON on input line 4555.
Package hyperref Info: Plain pages OFF on input line 4562.
Package hyperref Info: Backreferencing OFF on input line 4567.
Package hyperref Info: Implicit mode ON; LaTeX internals redefined.
Package hyperref Info: Bookmarks ON on input line 4800.
\c@Hy@tempcnt=\count186
(/usr/share/texlive/texmf-dist/tex/latex/url/url.sty
\Urlmuskip=\muskip16
Package: url 2013/09/16  ver 3.4  Verb mode for urls, etc.
)
LaTeX Info: Redefining \url on input line 5159.
\XeTeXLinkMargin=\dimen144
(/usr/share/texlive/texmf-dist/tex/generic/bitset/bitset.sty
Package: bitset 2019/12/09 v1.3 Handle bit-vector datatype (HO)
(/usr/share/texlive/texmf-dist/tex/generic/bigintcalc/bigintcalc.sty
Package: bigintcalc 2019/12/15 v1.5 Expandable calculations on big integers (HO
)
))
\Fld@menulength=\count187
\Field@Width=\dimen145
\Fld@charsize=\dimen146
Package hyperref Info: Hyper figures OFF on input line 6430.
Package hyperref Info: Link nesting OFF on input line 6435.
Package hyperref Info: Hyper index ON on input line 6438.
Package hyperref Info: backreferencing OFF on input line 6445.
Package hyperref Info: Link coloring OFF on input line 6450.
Package hyperref Info: Link coloring with OCG OFF on input line 6455.
Package hyperref Info: PDF/A mode OFF on input line 6460.
LaTeX Info: Redefining \ref on input line 6500.
LaTeX Info: Redefining \pageref on input line 6504.
(/usr/share/texlive/texmf-dist/tex/generic/atbegshi/atbegshi.sty
Package: atbegshi 2019/12/05 v1.19 At begin shipout hook (HO)
)
\Hy@abspage=\count188
\c@Item=\count189
\c@Hfootnote=\count190
)
Package hyperref Info: Driver (autodetected): hpdftex.
(/usr/share/texlive/texmf-dist/tex/latex/hyperref/hpdftex.def
File: hpdftex.def 2020/01/14 v7.00d Hyperref driver for pdfTeX
(/usr/share/texlive/texmf-dist/tex/latex/atveryend/atveryend.sty
Package: atveryend 2019-12-11 v1.11 Hooks at the very end of document (HO)
Package atveryend Info: \enddocument detected (standard20110627).
)
\Fld@listcount=\count191
\c@bookmark@seq@number=\count192
(/usr/share/texlive/texmf-dist/tex/latex/rerunfilecheck/rerunfilecheck.sty
Package: rerunfilecheck 2019/12/05 v1.9 Rerun checks for auxiliary files (HO)
(/usr/share/texlive/texmf-dist/tex/generic/uniquecounter/uniquecounter.sty
Package: uniquecounter 2019/12/15 v1.4 Provide unlimited unique counter (HO)
)
Package uniquecounter Info: New unique counter `rerunfilecheck' on input line 2
86.
)
\Hy@SectionHShift=\skip49
)
Package hyperref Info: Option `colorlinks' set `true' on input line 12.
(/usr/share/texlive/texmf-dist/tex/latex/glossaries/base/glossaries.sty
Package: glossaries 2020/02/13 v4.45 (NLCT)
(/usr/share/texlive/texmf-dist/tex/latex/xkeyval/xkeyval.sty
Package: xkeyval 2014/12/03 v2.7a package option processing (HA)
(/usr/share/texlive/texmf-dist/tex/generic/xkeyval/xkeyval.tex (/usr/share/texl
ive/texmf-dist/tex/generic/xkeyval/xkvutils.tex
\XKV@toks=\toks18
\XKV@tempa@toks=\toks19
)
\XKV@depth=\count193
File: xkeyval.tex 2014/12/03 v2.7a key=value parser (HA)
)) (/usr/share/texlive/texmf-dist/tex/latex/mfirstuc/mfirstuc.sty
Package: mfirstuc 2017/11/14 v2.06 (NLCT)
(/usr/share/texlive/texmf-dist/tex/latex/etoolbox/etoolbox.sty
Package: etoolbox 2019/09/21 v2.5h e-TeX tools for LaTeX (JAW)
\etb@tempcnta=\count194
)
\@glsmfirst=\toks20
\@glsmrest=\toks21
) (/usr/share/texlive/texmf-dist/tex/latex/textcase/textcase.sty
Package: textcase 2019/09/14 v1.00 Text only upper/lower case changing (DPC)
) (/usr/share/texlive/texmf-dist/tex/latex/xfor/xfor.sty
Package: xfor 2009/02/05 v1.05 (NLCT)
) (/usr/share/texlive/texmf-dist/tex/latex/datatool/datatool-base.sty
Package: datatool-base 2019/09/27 v2.32 (NLCT)
(/usr/share/texlive/texmf-dist/tex/latex/amsmath/amsmath.sty
Package: amsmath 2020/01/20 v2.17e AMS math features
\@mathmargin=\skip50
For additional information on amsmath, use the `?' option.
(/usr/share/texlive/texmf-dist/tex/latex/amsmath/amstext.sty
Package: amstext 2000/06/29 v2.01 AMS text
(/usr/share/texlive/texmf-dist/tex/latex/amsmath/amsgen.sty
File: amsgen.sty 1999/11/30 v2.0 generic functions
\@emptytoks=\toks22
\ex@=\dimen147
)) (/usr/share/texlive/texmf-dist/tex/latex/amsmath/amsbsy.sty
Package: amsbsy 1999/11/29 v1.2d Bold Symbols
\pmbraise@=\dimen148
) (/usr/share/texlive/texmf-dist/tex/latex/amsmath/amsopn.sty
Package: amsopn 2016/03/08 v2.02 operator names
)
\inf@bad=\count195
LaTeX Info: Redefining \frac on input line 227.
\uproot@=\count196
\leftroot@=\count197
LaTeX Info: Redefining \overline on input line 389.
\classnum@=\count198
\DOTSCASE@=\count199
LaTeX Info: Redefining \ldots on input line 486.
LaTeX Info: Redefining \dots on input line 489.
LaTeX Info: Redefining \cdots on input line 610.
\Mathstrutbox@=\box46
\strutbox@=\box47
\big@size=\dimen149
LaTeX Font Info:    Redeclaring font encoding OML on input line 733.
LaTeX Font Info:    Redeclaring font encoding OMS on input line 734.
\macc@depth=\count266
\c@MaxMatrixCols=\count267
\dotsspace@=\muskip17
\c@parentequation=\count268
\dspbrk@lvl=\count269
\tag@help=\toks23
\row@=\count270
\column@=\count271
\maxfields@=\count272
\andhelp@=\toks24
\eqnshift@=\dimen150
\alignsep@=\dimen151
\tagshift@=\dimen152
\tagwidth@=\dimen153
\totwidth@=\dimen154
\lineht@=\dimen155
\@envbody=\toks25
\multlinegap=\skip51
\multlinetaggap=\skip52
\mathdisplay@stack=\toks26
LaTeX Info: Redefining \[ on input line 2859.
LaTeX Info: Redefining \] on input line 2860.
) (/usr/share/texlive/texmf-dist/tex/latex/substr/substr.sty
Package: substr 2009/10/20 v1.2 Handle substrings
\c@su@anzahl=\count273
) (/usr/share/texlive/texmf-dist/tex/latex/datatool/datatool-fp.sty
Package: datatool-fp 2019/09/27 v2.32 (NLCT)
(/usr/share/texlive/texmf-dist/tex/latex/fp/fp.sty
Package: fp 1995/04/02
`Fixed Point Package', Version 0.8, April 2, 1995 (C) Michael Mehlich (/usr/sha
re/texlive/texmf-dist/tex/latex/fp/defpattern.sty
Package: defpattern 1994/10/12
\actioncount=\count274
) (/usr/share/texlive/texmf-dist/tex/latex/fp/fp-basic.sty
Package: fp-basic 1996/05/13
\FP@xs=\count275
\FP@xia=\count276
\FP@xib=\count277
\FP@xfa=\count278
\FP@xfb=\count279
\FP@rega=\count280
\FP@regb=\count281
\FP@regs=\count282
\FP@times=\count283
) (/usr/share/texlive/texmf-dist/tex/latex/fp/fp-addons.sty
Package: fp-addons 1995/03/15
) (/usr/share/texlive/texmf-dist/tex/latex/fp/fp-snap.sty
Package: fp-snap 1995/04/05
) (/usr/share/texlive/texmf-dist/tex/latex/fp/fp-exp.sty
Package: fp-exp 1995/04/03
) (/usr/share/texlive/texmf-dist/tex/latex/fp/fp-trigo.sty
Package: fp-trigo 1995/04/14
) (/usr/share/texlive/texmf-dist/tex/latex/fp/fp-pas.sty
Package: fp-pas 1994/08/29
) (/usr/share/texlive/texmf-dist/tex/latex/fp/fp-random.sty
Package: fp-random 1995/02/23
\FPseed=\count284
) (/usr/share/texlive/texmf-dist/tex/latex/fp/fp-eqn.sty
Package: fp-eqn 1995/04/03
) (/usr/share/texlive/texmf-dist/tex/latex/fp/fp-upn.sty
Package: fp-upn 1996/10/21
) (/usr/share/texlive/texmf-dist/tex/latex/fp/fp-eval.sty
Package: fp-eval 1995/04/03
)))
\@dtl@toks=\toks27
\@dtl@tmpcount=\count285
\dtl@tmplength=\skip53
\dtl@sortresult=\count286
\@dtl@numgrpsepcount=\count287
\@dtl@datatype=\count288
\dtl@codeA=\count289
\dtl@codeB=\count290
\@dtl@foreach@level=\count291
)
(/usr/share/texlive/texmf-dist/tex/latex/glossaries/base/glossaries-compatible-
307.sty
Package: glossaries-compatible-307 2020/02/13 v4.45 (NLCT)
)
\gls@level=\count292
\@gls@tmpb=\toks28
\gls@tmplen=\skip54
\glskeylisttok=\toks29
\glslabeltok=\toks30
\glsshorttok=\toks31
\glslongtok=\toks32

(/usr/share/texlive/texmf-dist/tex/latex/glossaries/styles/glossary-hypernav.st
y
Package: glossary-hypernav 2020/02/13 v4.45 (NLCT)
) (/usr/share/texlive/texmf-dist/tex/latex/glossaries/styles/glossary-list.sty
Package: glossary-list 2020/02/13 v4.45 (NLCT)
\glslistdottedwidth=\skip55
) (/usr/share/texlive/texmf-dist/tex/latex/glossaries/styles/glossary-long.sty
Package: glossary-long 2020/02/13 v4.45 (NLCT)
(/usr/share/texlive/texmf-dist/tex/latex/tools/longtable.sty
Package: longtable 2020/01/07 v4.13 Multi-page Table package (DPC)
\LTleft=\skip56
\LTright=\skip57
\LTpre=\skip58
\LTpost=\skip59
\LTchunksize=\count293
\LTcapwidth=\dimen156
\LT@head=\box48
\LT@firsthead=\box49
\LT@foot=\box50
\LT@lastfoot=\box51
\LT@cols=\count294
\LT@rows=\count295
\c@LT@tables=\count296
\c@LT@chunks=\count297
\LT@p@ftn=\toks33
)
\glsdescwidth=\skip60
\glspagelistwidth=\skip61
) (/usr/share/texlive/texmf-dist/tex/latex/glossaries/styles/glossary-super.sty
Package: glossary-super 2020/02/13 v4.45 (NLCT)
(/usr/share/texlive/texmf-dist/tex/latex/supertabular/supertabular.sty
Package: supertabular 2020/02/02 v4.1g the supertabular environment
\c@tracingst=\count298
\ST@wd=\dimen157
\ST@rightskip=\skip62
\ST@leftskip=\skip63
\ST@parfillskip=\skip64
\ST@pageleft=\dimen158
\ST@headht=\dimen159
\ST@tailht=\dimen160
\ST@pagesofar=\dimen161
\ST@pboxht=\dimen162
\ST@lineht=\dimen163
\ST@prevht=\dimen164
\ST@toadd=\dimen165
\ST@dimen=\dimen166
\ST@pbox=\box52
)) (/usr/share/texlive/texmf-dist/tex/latex/glossaries/styles/glossary-tree.sty
Package: glossary-tree 2020/02/13 v4.45 (NLCT)
\glstreeindent=\skip65
)) (/usr/share/texlive/texmf-dist/tex/latex/endnotes/endnotes.sty
Package: endnotes 2020-01-02 endnotes package
\c@endnote=\count299
\endnotesep=\dimen167
\@enotes=\write4
) (/usr/share/texlive/texmf-dist/tex/latex/parskip/parskip.sty
Package: parskip 2020-01-22 v2.0d non-zero parskip adjustments
) (/usr/share/texlive/texmf-dist/tex/latex/tools/multicol.sty
Package: multicol 2019/12/09 v1.8y multicolumn formatting (FMi)
\c@tracingmulticols=\count300
\mult@box=\box53
\multicol@leftmargin=\dimen168
\c@unbalance=\count301
\c@collectmore=\count302
\doublecol@number=\count303
\multicoltolerance=\count304
\multicolpretolerance=\count305
\full@width=\dimen169
\page@free=\dimen170
\premulticols=\dimen171
\postmulticols=\dimen172
\multicolsep=\skip66
\multicolbaselineskip=\skip67
\partial@page=\box54
\last@line=\box55
\maxbalancingoverflow=\dimen173
\mult@rightbox=\box56
\mult@grightbox=\box57
\mult@gfirstbox=\box58
\mult@firstbox=\box59
\@tempa=\box60
\@tempa=\box61
\@tempa=\box62
\@tempa=\box63
\@tempa=\box64
\@tempa=\box65
\@tempa=\box66
\@tempa=\box67
\@tempa=\box68
\@tempa=\box69
\@tempa=\box70
\@tempa=\box71
\@tempa=\box72
\@tempa=\box73
\@tempa=\box74
\@tempa=\box75
\@tempa=\box76
\@tempa=\box77
\@tempa=\box78
\@tempa=\box79
\@tempa=\box80
\@tempa=\box81
\@tempa=\box82
\@tempa=\box83
\@tempa=\box84
\@tempa=\box85
\@tempa=\box86
\@tempa=\box87
\@tempa=\box88
\@tempa=\box89
\@tempa=\box90
\@tempa=\box91
\@tempa=\box92
\@tempa=\box93
\@tempa=\box94
\@tempa=\box95
\@tempa=\box96
\c@minrows=\count306
\c@columnbadness=\count307
\c@finalcolumnbadness=\count308
\last@try=\dimen174
\multicolovershoot=\dimen175
\multicolundershoot=\dimen176
\mult@nat@firstbox=\box97
\colbreak@box=\box98
\mc@col@check@num=\count309
) (/usr/share/texlive/texmf-dist/tex/latex/csquotes/csquotes.sty
Package: csquotes 2019-12-06 v5.2j context-sensitive quotations (JAW)
\csq@reset=\count310
\csq@gtype=\count311
\csq@glevel=\count312
\csq@qlevel=\count313
\csq@maxlvl=\count314
\csq@tshold=\count315
\csq@ltx@everypar=\toks34
(/usr/share/texlive/texmf-dist/tex/latex/csquotes/csquotes.def
File: csquotes.def 2019-12-06 v5.2j csquotes generic definitions (JAW)
)
Package csquotes Info: Trying to load configuration file 'csquotes.cfg'...
Package csquotes Info: ... configuration file loaded successfully.
(/usr/share/texlive/texmf-dist/tex/latex/csquotes/csquotes.cfg
File: csquotes.cfg 
)) (/usr/share/texlive/texmf-dist/tex/latex/base/makeidx.sty
Package: makeidx 2014/09/29 v1.0m Standard LaTeX package
)
\@indexfile=\write5
\openout5 = `images.idx'.

Writing index file images.idx
(/usr/share/texlive/texmf-dist/tex/latex/graphics/graphicx.sty
Package: graphicx 2019/11/30 v1.2a Enhanced LaTeX Graphics (DPC,SPQR)
(/usr/share/texlive/texmf-dist/tex/latex/graphics/graphics.sty
Package: graphics 2019/11/30 v1.4a Standard LaTeX Graphics (DPC,SPQR)
(/usr/share/texlive/texmf-dist/tex/latex/graphics/trig.sty
Package: trig 2016/01/03 v1.10 sin cos tan (DPC)
) (/usr/share/texlive/texmf-dist/tex/latex/graphics-cfg/graphics.cfg
File: graphics.cfg 2016/06/04 v1.11 sample graphics configuration
)
Package graphics Info: Driver file: pdftex.def on input line 105.
(/usr/share/texlive/texmf-dist/tex/latex/graphics-def/pdftex.def
File: pdftex.def 2018/01/08 v1.0l Graphics/color driver for pdftex
))
\Gin@req@height=\dimen177
\Gin@req@width=\dimen178
) (/usr/share/texlive/texmf-dist/tex/latex/listings/listings.sty
\lst@mode=\count316
\lst@gtempboxa=\box99
\lst@token=\toks35
\lst@length=\count317
\lst@currlwidth=\dimen179
\lst@column=\count318
\lst@pos=\count319
\lst@lostspace=\dimen180
\lst@width=\dimen181
\lst@newlines=\count320
\lst@lineno=\count321
\lst@maxwidth=\dimen182
(/usr/share/texlive/texmf-dist/tex/latex/listings/lstmisc.sty
File: lstmisc.sty 2019/09/10 1.8c (Carsten Heinz)
\c@lstnumber=\count322
\lst@skipnumbers=\count323
\lst@framebox=\box100
) (/usr/share/texlive/texmf-dist/tex/latex/listings/listings.cfg
File: listings.cfg 2019/09/10 1.8c listings configuration
))
Package: listings 2019/09/10 1.8c (Carsten Heinz)
(/usr/share/texlive/texmf-dist/tex/latex/xcolor/xcolor.sty
Package: xcolor 2016/05/11 v2.12 LaTeX color extensions (UK)
(/usr/share/texlive/texmf-dist/tex/latex/graphics-cfg/color.cfg
File: color.cfg 2016/01/02 v1.6 sample color configuration
)
Package xcolor Info: Driver file: pdftex.def on input line 225.
Package xcolor Info: Model `cmy' substituted by `cmy0' on input line 1348.
Package xcolor Info: Model `hsb' substituted by `rgb' on input line 1352.
Package xcolor Info: Model `RGB' extended on input line 1364.
Package xcolor Info: Model `HTML' substituted by `rgb' on input line 1366.
Package xcolor Info: Model `Hsb' substituted by `hsb' on input line 1367.
Package xcolor Info: Model `tHsb' substituted by `hsb' on input line 1368.
Package xcolor Info: Model `HSB' substituted by `hsb' on input line 1369.
Package xcolor Info: Model `Gray' substituted by `gray' on input line 1370.
Package xcolor Info: Model `wave' substituted by `hsb' on input line 1371.
) (/usr/share/texlive/texmf-dist/tex/latex/l3packages/xparse/xparse.sty (/usr/s
hare/texlive/texmf-dist/tex/latex/l3kernel/expl3.sty
Package: expl3 2020-02-14 L3 programming layer (loader) 
(/usr/share/texlive/texmf-dist/tex/latex/l3backend/l3backend-pdfmode.def
File: l3backend-pdfmode.def 2020-02-03 L3 backend support: PDF mode
\l__kernel_color_stack_int=\count324
\l__pdf_internal_box=\box101
))
Package: xparse 2020-02-14 L3 Experimental document command parser
\l__xparse_current_arg_int=\count325
\g__xparse_grabber_int=\count326
\l__xparse_m_args_int=\count327
\l__xparse_v_nesting_int=\count328
) (/usr/share/texlive/texmf-dist/tex/latex/lineno/lineno.sty
Package: lineno 2005/11/02 line numbers on paragraphs v4.41
\linenopenalty=\count329
\output=\toks36
\linenoprevgraf=\count330
\linenumbersep=\dimen183
\linenumberwidth=\dimen184
\c@linenumber=\count331
\c@pagewiselinenumber=\count332
\c@LN@truepage=\count333
\c@internallinenumber=\count334
\c@internallinenumbers=\count335
\quotelinenumbersep=\dimen185
\bframerule=\dimen186
\bframesep=\dimen187
\bframebox=\box102

LaTeX Warning: Command \@parboxrestore  has changed.
               Check if current package is valid.

LaTeX Info: Redefining \\ on input line 3056.
) (/usr/share/texlive/texmf-dist/tex/latex/listings/lstlang1.sty
File: lstlang1.sty 2019/09/10 1.8c listings language file
)
\glswrite=\write6
\glo@main@file=\write7
\openout7 = `images.glo'.

Package glossaries Info: Writing glossary file images.glo on input line 59.
(/usr/share/texlive/texmf-dist/tex/latex/base/inputenc.sty
Package: inputenc 2018/08/11 v1.3c Input encoding file
\inpenc@prehook=\toks37
\inpenc@posthook=\toks38
)
\sizebox=\box103
\lthtmlwrite=\write8
(/usr/share/texmf/tex/latex/preview/preview.sty
Package: preview 2017/04/24 11.91 (AUCTeX/preview-latex)
(/usr/share/texmf/tex/latex/preview/prtightpage.def
\PreviewBorder=\dimen188
)
\pr@snippet=\count336
\pr@box=\box104
\pr@output=\toks39
)
\lthtmlPageBox=\box105
\lthtmlCropMarkHeight=\dimen189
\lthtmlCropMarkDepth=\dimen190

Package csquotes Warning: Load 'inputenc' before 'csquotes' on input line 155.

Package csquotes Info: Checking for multilingual support...
Package csquotes Info: ... none found.
(./images.aux

LaTeX Warning: Label `' multiply defined.


LaTeX Warning: Label `' multiply defined.


LaTeX Warning: Label `' multiply defined.


LaTeX Warning: Label `' multiply defined.


LaTeX Warning: Label `' multiply defined.


LaTeX Warning: Label `' multiply defined.


LaTeX Warning: Label `' multiply defined.


LaTeX Warning: Label `' multiply defined.


LaTeX Warning: Label `' multiply defined.


LaTeX Warning: Label `' multiply defined.


LaTeX Warning: Label `' multiply defined.


LaTeX Warning: Label `' multiply defined.


LaTeX Warning: Label `' multiply defined.


LaTeX Warning: Label `' multiply defined.


LaTeX Warning: Label `' multiply defined.


LaTeX Warning: Label `' multiply defined.


LaTeX Warning: Label `' multiply defined.


LaTeX Warning: Label `' multiply defined.


LaTeX Warning: Label `' multiply defined.


LaTeX Warning: Label `' multiply defined.


LaTeX Warning: Label `' multiply defined.


LaTeX Warning: Label `' multiply defined.


LaTeX Warning: Label `' multiply defined.


LaTeX Warning: Label `' multiply defined.


LaTeX Warning: Label `' multiply defined.


LaTeX Warning: Label `' multiply defined.


LaTeX Warning: Label `' multiply defined.


LaTeX Warning: Label `' multiply defined.


LaTeX Warning: Label `' multiply defined.


LaTeX Warning: Label `' multiply defined.


LaTeX Warning: Label `' multiply defined.


LaTeX Warning: Label `' multiply defined.


LaTeX Warning: Label `' multiply defined.

)
\openout1 = `images.aux'.

LaTeX Font Info:    Checking defaults for OML/cmm/m/it on input line 155.
LaTeX Font Info:    ... okay on input line 155.
LaTeX Font Info:    Checking defaults for OMS/cmsy/m/n on input line 155.
LaTeX Font Info:    ... okay on input line 155.
LaTeX Font Info:    Checking defaults for OT1/cmr/m/n on input line 155.
LaTeX Font Info:    ... okay on input line 155.
LaTeX Font Info:    Checking defaults for T1/cmr/m/n on input line 155.
LaTeX Font Info:    ... okay on input line 155.
LaTeX Font Info:    Checking defaults for TS1/cmr/m/n on input line 155.
LaTeX Font Info:    ... okay on input line 155.
LaTeX Font Info:    Checking defaults for OMX/cmex/m/n on input line 155.
LaTeX Font Info:    ... okay on input line 155.
LaTeX Font Info:    Checking defaults for U/cmr/m/n on input line 155.
LaTeX Font Info:    ... okay on input line 155.
LaTeX Font Info:    Checking defaults for PD1/pdf/m/n on input line 155.
LaTeX Font Info:    ... okay on input line 155.
*geometry* driver: auto-detecting
*geometry* detected driver: pdftex
*geometry* verbose mode - [ preamble ] result:
* driver: pdftex
* paper: custom
* layout: <same size as paper>
* layoutoffset:(h,v)=(0.0pt,0.0pt)
* modes: twoside heightrounded 
* h-part:(L,W,R)=(72.26999pt, 289.08002pt, 72.26999pt)
* v-part:(T,H,B)=(72.26999pt, 469.75502pt, 72.26999pt)
* \paperwidth=433.62pt
* \paperheight=614.295pt
* \textwidth=349.0pt
* \textheight=491.29494pt
* \oddsidemargin=0.0pt
* \evensidemargin=0.0pt
* \topmargin=0.0pt
* \headheight=0.0pt
* \headsep=0.0pt
* \topskip=0.00003pt
* \footskip=0.0pt
* \marginparwidth=125.0pt
* \marginparsep=7.0pt
* \columnsep=10.0pt
* \skip\footins=9.0pt plus 4.0pt minus 2.0pt
* \hoffset=0.0pt
* \voffset=0.0pt
* \mag=1000
* \@twocolumnfalse
* \@twosidetrue
* \@mparswitchtrue
* \@reversemarginfalse
* (1in=72.27pt=25.4mm, 1cm=28.453pt)

\AtBeginShipoutBox=\box106
Package hyperref Info: Link coloring ON on input line 155.
(/usr/share/texlive/texmf-dist/tex/latex/hyperref/nameref.sty
Package: nameref 2019/09/16 v2.46 Cross-referencing by name of section
(/usr/share/texlive/texmf-dist/tex/latex/refcount/refcount.sty
Package: refcount 2019/12/15 v3.6 Data extraction from label references (HO)
) (/usr/share/texlive/texmf-dist/tex/generic/gettitlestring/gettitlestring.sty
Package: gettitlestring 2019/12/15 v1.6 Cleanup title references (HO)
)
\c@section@level=\count337
)
LaTeX Info: Redefining \ref on input line 155.
LaTeX Info: Redefining \pageref on input line 155.
LaTeX Info: Redefining \nameref on input line 155.
\@outlinefile=\write9
\openout9 = `images.out'.

(/usr/share/texlive/texmf-dist/tex/context/base/mkii/supp-pdf.mkii
[Loading MPS to PDF converter (version 2006.09.02).]
\scratchcounter=\count338
\scratchdimen=\dimen191
\scratchbox=\box107
\nofMPsegments=\count339
\nofMParguments=\count340
\everyMPshowfont=\toks40
\MPscratchCnt=\count341
\MPscratchDim=\dimen192
\MPnumerator=\count342
\makeMPintoPDFobject=\count343
\everyMPtoPDFconversion=\toks41
) (/usr/share/texlive/texmf-dist/tex/latex/epstopdf-pkg/epstopdf-base.sty
Package: epstopdf-base 2020-01-24 v2.11 Base part for package epstopdf
Package epstopdf-base Info: Redefining graphics rule for `.eps' on input line 4
85.
(/usr/share/texlive/texmf-dist/tex/latex/latexconfig/epstopdf-sys.cfg
File: epstopdf-sys.cfg 2010/07/13 v1.3 Configuration of (r)epstopdf for TeX Liv
e
))
\c@lstlisting=\count344
Preview: Fontsize 10pt
Preview: PDFoutput 1

latex2htmlLength hsize=349.0pt

latex2htmlLength vsize=491.29494pt

latex2htmlLength hoffset=0.0pt

latex2htmlLength voffset=0.0pt

latex2htmlLength topmargin=0.0pt

latex2htmlLength topskip=0.00003pt

latex2htmlLength headheight=0.0pt

latex2htmlLength headsep=0.0pt

latex2htmlLength parskip=6.0pt plus 2.0pt

latex2htmlLength oddsidemargin=0.0pt

latex2htmlLength evensidemargin=0.0pt


! LaTeX Error: Command \ttfamily invalid in math mode.

See the LaTeX manual or LaTeX Companion for explanation.
Type  H <return>  for immediate help.
 ...                                              
                                                  
l.191 \lthtmlindisplaymathZ
                           
Please use the math alphabet \mathtt instead of the \ttfamily command. 


LaTeX Font Warning: Command \footnotesize invalid in math mode on input line 19
1.


:tex2html_wrap_inline4325:lthtmlCropMarkHeight:=10.88889pt

:tex2html_wrap_inline4325:lthtmlCropMarkDepth:=1.77777pt:1ex:=4.30554pt
Preview: Tightpage -32891 -32891 32891 32891
[1{/var/lib/texmf/fonts/map/pdftex/updmap/pdftex.map}]

! LaTeX Error: Command \ttfamily invalid in math mode.

See the LaTeX manual or LaTeX Companion for explanation.
Type  H <return>  for immediate help.
 ...                                              
                                                  
l.197 \lthtmlindisplaymathZ
                           
Please use the math alphabet \mathtt instead of the \ttfamily command. 


LaTeX Font Warning: Command \footnotesize invalid in math mode on input line 19
7.


:tex2html_wrap_inline4327:lthtmlCropMarkHeight:=11.55556pt

:tex2html_wrap_inline4327:lthtmlCropMarkDepth:=0.66666pt:1ex:=4.30554pt
[2]

! LaTeX Error: Command \ttfamily invalid in math mode.

See the LaTeX manual or LaTeX Companion for explanation.
Type  H <return>  for immediate help.
 ...                                              
                                                  
l.203 \lthtmlindisplaymathZ
                           
Please use the math alphabet \mathtt instead of the \ttfamily command. 


LaTeX Font Warning: Command \footnotesize invalid in math mode on input line 20
3.


:tex2html_wrap_inline4329:lthtmlCropMarkHeight:=11.55556pt

:tex2html_wrap_inline4329:lthtmlCropMarkDepth:=0.66666pt:1ex:=4.30554pt
[3]

! LaTeX Error: Command \ttfamily invalid in math mode.

See the LaTeX manual or LaTeX Companion for explanation.
Type  H <return>  for immediate help.
 ...                                              
                                                  
l.209 \lthtmlindisplaymathZ
                           
Please use the math alphabet \mathtt instead of the \ttfamily command. 


LaTeX Font Warning: Command \footnotesize invalid in math mode on input line 20
9.


:tex2html_wrap_inline4331:lthtmlCropMarkHeight:=11.55556pt

:tex2html_wrap_inline4331:lthtmlCropMarkDepth:=0.66666pt:1ex:=4.30554pt
[4]

! LaTeX Error: Command \ttfamily invalid in math mode.

See the LaTeX manual or LaTeX Companion for explanation.
Type  H <return>  for immediate help.
 ...                                              
                                                  
l.215 \lthtmlindisplaymathZ
                           
Please use the math alphabet \mathtt instead of the \ttfamily command. 


LaTeX Font Warning: Command \footnotesize invalid in math mode on input line 21
5.


:tex2html_wrap_inline4333:lthtmlCropMarkHeight:=11.55556pt

:tex2html_wrap_inline4333:lthtmlCropMarkDepth:=0.66666pt:1ex:=4.30554pt
[5]
Package hyperref Info: bookmark level for unknown lstlisting defaults to 0 on i
nput line 228.
! Argument of \lst@next has an extra }.
<inserted text> 
                \par 
l.228 \lthtmlfigureZ
                    
I've run across a `}' that doesn't seem to match anything.
For example, `\def\a#1{...}' and `\a}' would produce
this error. If you simply proceed now, the `\par' that
I've just inserted will cause me to report a runaway
argument that might be the root of the problem. But if
your `}' was spurious, just type `2' and it will go away.

Runaway argument?
! Paragraph ended before \lst@next was complete.
<to be read again> 
                   \par 
l.228 \lthtmlfigureZ
                    
I suspect you've forgotten a `}', causing me to apply this
control sequence to too much text. How can we recover?
My plan is to forget the whole thing and hope for the best.

! Extra }, or forgotten \endgroup.
\lthtmlTightFBox ...xpandafter \box \next \egroup 
                                                  \lthtmlCropMarkHeight =\ht...
l.228 \lthtmlfigureZ
                    
I've deleted a group-closing symbol because it seems to be
spurious, as in `$x}$'. But perhaps the } is legitimate and
you forgot something else, as in `\hbox{$x}'. In such cases
the way to recover is to insert both the forgotten and the
deleted material, e.g., by typing `I$}'.


:lstlisting83:lthtmlCropMarkHeight:=6.0pt

:lstlisting83:lthtmlCropMarkDepth:=0.0pt:1ex:=3.44444pt
[6]
! Extra }, or forgotten \endgroup.
l.229 \lthtmlcheckvsize\clearpage}
                                  
I've deleted a group-closing symbol because it seems to be
spurious, as in `$x}$'. But perhaps the } is legitimate and
you forgot something else, as in `\hbox{$x}'. In such cases
the way to recover is to insert both the forgotten and the
deleted material, e.g., by typing `I$}'.


! LaTeX Error: Command \ttfamily invalid in math mode.

See the LaTeX manual or LaTeX Companion for explanation.
Type  H <return>  for immediate help.
 ...                                              
                                                  
l.234 \lthtmlindisplaymathZ
                           
Please use the math alphabet \mathtt instead of the \ttfamily command. 


LaTeX Font Warning: Command \footnotesize invalid in math mode on input line 23
4.


:tex2html_wrap_inline4337:lthtmlCropMarkHeight:=10.88889pt

:tex2html_wrap_inline4337:lthtmlCropMarkDepth:=1.77777pt:1ex:=3.44444pt
[7]

! LaTeX Error: Command \ttfamily invalid in math mode.

See the LaTeX manual or LaTeX Companion for explanation.
Type  H <return>  for immediate help.
 ...                                              
                                                  
l.240 \lthtmlindisplaymathZ
                           
Please use the math alphabet \mathtt instead of the \ttfamily command. 


LaTeX Font Warning: Command \footnotesize invalid in math mode on input line 24
0.


:tex2html_wrap_inline4339:lthtmlCropMarkHeight:=10.88889pt

:tex2html_wrap_inline4339:lthtmlCropMarkDepth:=1.77777pt:1ex:=3.44444pt
[8]

! LaTeX Error: Command \ttfamily invalid in math mode.

See the LaTeX manual or LaTeX Companion for explanation.
Type  H <return>  for immediate help.
 ...                                              
                                                  
l.246 \lthtmlindisplaymathZ
                           
Please use the math alphabet \mathtt instead of the \ttfamily command. 


LaTeX Font Warning: Command \footnotesize invalid in math mode on input line 24
6.


:tex2html_wrap_inline4341:lthtmlCropMarkHeight:=10.88889pt

:tex2html_wrap_inline4341:lthtmlCropMarkDepth:=0.0pt:1ex:=3.44444pt
[9]

! LaTeX Error: Command \ttfamily invalid in math mode.

See the LaTeX manual or LaTeX Companion for explanation.
Type  H <return>  for immediate help.
 ...                                              
                                                  
l.252 \lthtmlindisplaymathZ
                           
Please use the math alphabet \mathtt instead of the \ttfamily command. 


LaTeX Font Warning: Command \footnotesize invalid in math mode on input line 25
2.


:tex2html_wrap_inline4343:lthtmlCropMarkHeight:=10.88889pt

:tex2html_wrap_inline4343:lthtmlCropMarkDepth:=1.77777pt:1ex:=3.44444pt
[10]

! LaTeX Error: Command \ttfamily invalid in math mode.

See the LaTeX manual or LaTeX Companion for explanation.
Type  H <return>  for immediate help.
 ...                                              
                                                  
l.258 \lthtmlindisplaymathZ
                           
Please use the math alphabet \mathtt instead of the \ttfamily command. 


LaTeX Font Warning: Command \footnotesize invalid in math mode on input line 25
8.


:tex2html_wrap_inline4345:lthtmlCropMarkHeight:=10.88889pt

:tex2html_wrap_inline4345:lthtmlCropMarkDepth:=1.77777pt:1ex:=3.44444pt
[11]

! LaTeX Error: Command \ttfamily invalid in math mode.

See the LaTeX manual or LaTeX Companion for explanation.
Type  H <return>  for immediate help.
 ...                                              
                                                  
l.264 \lthtmlindisplaymathZ
                           
Please use the math alphabet \mathtt instead of the \ttfamily command. 


LaTeX Font Warning: Command \footnotesize invalid in math mode on input line 26
4.


:tex2html_wrap_inline4355:lthtmlCropMarkHeight:=10.88889pt

:tex2html_wrap_inline4355:lthtmlCropMarkDepth:=1.77777pt:1ex:=3.44444pt
[12]

! LaTeX Error: Command \ttfamily invalid in math mode.

See the LaTeX manual or LaTeX Companion for explanation.
Type  H <return>  for immediate help.
 ...                                              
                                                  
l.270 \lthtmlindisplaymathZ
                           
Please use the math alphabet \mathtt instead of the \ttfamily command. 


LaTeX Font Warning: Command \footnotesize invalid in math mode on input line 27
0.


:tex2html_wrap_inline4357:lthtmlCropMarkHeight:=10.88889pt

:tex2html_wrap_inline4357:lthtmlCropMarkDepth:=1.77777pt:1ex:=3.44444pt
[13]

! LaTeX Error: Command \ttfamily invalid in math mode.

See the LaTeX manual or LaTeX Companion for explanation.
Type  H <return>  for immediate help.
 ...                                              
                                                  
l.276 \lthtmlindisplaymathZ
                           
Please use the math alphabet \mathtt instead of the \ttfamily command. 


LaTeX Font Warning: Command \footnotesize invalid in math mode on input line 27
6.


:tex2html_wrap_inline4359:lthtmlCropMarkHeight:=10.88889pt

:tex2html_wrap_inline4359:lthtmlCropMarkDepth:=1.77777pt:1ex:=3.44444pt
[14]

! LaTeX Error: Command \ttfamily invalid in math mode.

See the LaTeX manual or LaTeX Companion for explanation.
Type  H <return>  for immediate help.
 ...                                              
                                                  
l.282 \lthtmlindisplaymathZ
                           
Please use the math alphabet \mathtt instead of the \ttfamily command. 


LaTeX Font Warning: Command \footnotesize invalid in math mode on input line 28
2.


:tex2html_wrap_inline4361:lthtmlCropMarkHeight:=10.88889pt

:tex2html_wrap_inline4361:lthtmlCropMarkDepth:=0.0pt:1ex:=3.44444pt
[15]

! LaTeX Error: Command \ttfamily invalid in math mode.

See the LaTeX manual or LaTeX Companion for explanation.
Type  H <return>  for immediate help.
 ...                                              
                                                  
l.288 \lthtmlindisplaymathZ
                           
Please use the math alphabet \mathtt instead of the \ttfamily command. 


LaTeX Font Warning: Command \footnotesize invalid in math mode on input line 28
8.


:tex2html_wrap_inline4363:lthtmlCropMarkHeight:=10.88889pt

:tex2html_wrap_inline4363:lthtmlCropMarkDepth:=0.0pt:1ex:=3.44444pt
[16]

! LaTeX Error: Command \ttfamily invalid in math mode.

See the LaTeX manual or LaTeX Companion for explanation.
Type  H <return>  for immediate help.
 ...                                              
                                                  
l.294 \lthtmlindisplaymathZ
                           
Please use the math alphabet \mathtt instead of the \ttfamily command. 


LaTeX Font Warning: Command \footnotesize invalid in math mode on input line 29
4.


:tex2html_wrap_inline4365:lthtmlCropMarkHeight:=11.55556pt

:tex2html_wrap_inline4365:lthtmlCropMarkDepth:=1.77777pt:1ex:=3.44444pt
[17]

! LaTeX Error: Command \ttfamily invalid in math mode.

See the LaTeX manual or LaTeX Companion for explanation.
Type  H <return>  for immediate help.
 ...                                              
                                                  
l.300 \lthtmlindisplaymathZ
                           
Please use the math alphabet \mathtt instead of the \ttfamily command. 


LaTeX Font Warning: Command \footnotesize invalid in math mode on input line 30
0.


:tex2html_wrap_inline4367:lthtmlCropMarkHeight:=10.88889pt

:tex2html_wrap_inline4367:lthtmlCropMarkDepth:=1.77777pt:1ex:=3.44444pt
[18]

! LaTeX Error: Command \ttfamily invalid in math mode.

See the LaTeX manual or LaTeX Companion for explanation.
Type  H <return>  for immediate help.
 ...                                              
                                                  
l.306 \lthtmlindisplaymathZ
                           
Please use the math alphabet \mathtt instead of the \ttfamily command. 


LaTeX Font Warning: Command \footnotesize invalid in math mode on input line 30
6.


:tex2html_wrap_inline4369:lthtmlCropMarkHeight:=9.44444pt

:tex2html_wrap_inline4369:lthtmlCropMarkDepth:=1.77777pt:1ex:=3.44444pt
[19]

! LaTeX Error: Command \ttfamily invalid in math mode.

See the LaTeX manual or LaTeX Companion for explanation.
Type  H <return>  for immediate help.
 ...                                              
                                                  
l.312 \lthtmlindisplaymathZ
                           
Please use the math alphabet \mathtt instead of the \ttfamily command. 


LaTeX Font Warning: Command \footnotesize invalid in math mode on input line 31
2.


:tex2html_wrap_inline4371:lthtmlCropMarkHeight:=11.55556pt

:tex2html_wrap_inline4371:lthtmlCropMarkDepth:=1.77777pt:1ex:=3.44444pt
[20]

! LaTeX Error: Command \ttfamily invalid in math mode.

See the LaTeX manual or LaTeX Companion for explanation.
Type  H <return>  for immediate help.
 ...                                              
                                                  
l.318 \lthtmlindisplaymathZ
                           
Please use the math alphabet \mathtt instead of the \ttfamily command. 


LaTeX Font Warning: Command \footnotesize invalid in math mode on input line 31
8.


:tex2html_wrap_inline4377:lthtmlCropMarkHeight:=11.55556pt

:tex2html_wrap_inline4377:lthtmlCropMarkDepth:=1.77777pt:1ex:=3.44444pt
[21]

! LaTeX Error: Command \ttfamily invalid in math mode.

See the LaTeX manual or LaTeX Companion for explanation.
Type  H <return>  for immediate help.
 ...                                              
                                                  
l.324 \lthtmlindisplaymathZ
                           
Please use the math alphabet \mathtt instead of the \ttfamily command. 


LaTeX Font Warning: Command \footnotesize invalid in math mode on input line 32
4.


:tex2html_wrap_inline4379:lthtmlCropMarkHeight:=11.55556pt

:tex2html_wrap_inline4379:lthtmlCropMarkDepth:=1.77777pt:1ex:=3.44444pt
[22]

! LaTeX Error: Command \ttfamily invalid in math mode.

See the LaTeX manual or LaTeX Companion for explanation.
Type  H <return>  for immediate help.
 ...                                              
                                                  
l.330 \lthtmlindisplaymathZ
                           
Please use the math alphabet \mathtt instead of the \ttfamily command. 


LaTeX Font Warning: Command \footnotesize invalid in math mode on input line 33
0.


:tex2html_wrap_inline4383:lthtmlCropMarkHeight:=10.88889pt

:tex2html_wrap_inline4383:lthtmlCropMarkDepth:=0.0pt:1ex:=3.44444pt
[23]

! LaTeX Error: Command \ttfamily invalid in math mode.

See the LaTeX manual or LaTeX Companion for explanation.
Type  H <return>  for immediate help.
 ...                                              
                                                  
l.336 \lthtmlindisplaymathZ
                           
Please use the math alphabet \mathtt instead of the \ttfamily command. 


LaTeX Font Warning: Command \footnotesize invalid in math mode on input line 33
6.


:tex2html_wrap_inline4385:lthtmlCropMarkHeight:=10.88889pt

:tex2html_wrap_inline4385:lthtmlCropMarkDepth:=1.77777pt:1ex:=3.44444pt
[24]

! LaTeX Error: Command \ttfamily invalid in math mode.

See the LaTeX manual or LaTeX Companion for explanation.
Type  H <return>  for immediate help.
 ...                                              
                                                  
l.342 \lthtmlindisplaymathZ
                           
Please use the math alphabet \mathtt instead of the \ttfamily command. 


LaTeX Font Warning: Command \footnotesize invalid in math mode on input line 34
2.


:tex2html_wrap_inline4387:lthtmlCropMarkHeight:=10.42859pt

:tex2html_wrap_inline4387:lthtmlCropMarkDepth:=0.0pt:1ex:=3.44444pt
[25]

! LaTeX Error: Command \ttfamily invalid in math mode.

See the LaTeX manual or LaTeX Companion for explanation.
Type  H <return>  for immediate help.
 ...                                              
                                                  
l.348 \lthtmlindisplaymathZ
                           
Please use the math alphabet \mathtt instead of the \ttfamily command. 


LaTeX Font Warning: Command \footnotesize invalid in math mode on input line 34
8.


:tex2html_wrap_inline4389:lthtmlCropMarkHeight:=10.88889pt

:tex2html_wrap_inline4389:lthtmlCropMarkDepth:=0.0pt:1ex:=3.44444pt
[26]

! LaTeX Error: Command \ttfamily invalid in math mode.

See the LaTeX manual or LaTeX Companion for explanation.
Type  H <return>  for immediate help.
 ...                                              
                                                  
l.354 \lthtmlindisplaymathZ
                           
Please use the math alphabet \mathtt instead of the \ttfamily command. 


LaTeX Font Warning: Command \footnotesize invalid in math mode on input line 35
4.


:tex2html_wrap_inline4391:lthtmlCropMarkHeight:=11.55556pt

:tex2html_wrap_inline4391:lthtmlCropMarkDepth:=1.77777pt:1ex:=3.44444pt
[27]

:lstlisting116:lthtmlCropMarkHeight:=225.26108pt

:lstlisting116:lthtmlCropMarkDepth:=0.0pt:1ex:=4.30554pt
[28]

! LaTeX Error: Command \ttfamily invalid in math mode.

See the LaTeX manual or LaTeX Companion for explanation.
Type  H <return>  for immediate help.
 ...                                              
                                                  
l.423 \lthtmlindisplaymathZ
                           
Please use the math alphabet \mathtt instead of the \ttfamily command. 


LaTeX Font Warning: Command \footnotesize invalid in math mode on input line 42
3.


:tex2html_wrap_inline4393:lthtmlCropMarkHeight:=11.55556pt

:tex2html_wrap_inline4393:lthtmlCropMarkDepth:=0.66666pt:1ex:=3.44444pt
[29]pdfTeX warning (ext4): destination with the same identifier (name{lstnumber
.-2.2}) has been already used, duplicate ignored
<to be read again> 
                   \relax 
l.424 \lthtmlcheckvsize
                       \clearpage}

! LaTeX Error: Command \ttfamily invalid in math mode.

See the LaTeX manual or LaTeX Companion for explanation.
Type  H <return>  for immediate help.
 ...                                              
                                                  
l.429 \lthtmlindisplaymathZ
                           
Please use the math alphabet \mathtt instead of the \ttfamily command. 


LaTeX Font Warning: Command \footnotesize invalid in math mode on input line 42
9.


:tex2html_wrap_inline4395:lthtmlCropMarkHeight:=10.88889pt

:tex2html_wrap_inline4395:lthtmlCropMarkDepth:=1.77777pt:1ex:=3.44444pt
[30]pdfTeX warning (ext4): destination with the same identifier (name{lstnumber
.-2.2}) has been already used, duplicate ignored
<to be read again> 
                   \relax 
l.430 \lthtmlcheckvsize
                       \clearpage}

! LaTeX Error: Command \ttfamily invalid in math mode.

See the LaTeX manual or LaTeX Companion for explanation.
Type  H <return>  for immediate help.
 ...                                              
                                                  
l.435 \lthtmlindisplaymathZ
                           
Please use the math alphabet \mathtt instead of the \ttfamily command. 


LaTeX Font Warning: Command \footnotesize invalid in math mode on input line 43
5.


:tex2html_wrap_inline4397:lthtmlCropMarkHeight:=10.88889pt

:tex2html_wrap_inline4397:lthtmlCropMarkDepth:=0.0pt:1ex:=3.44444pt
[31]pdfTeX warning (ext4): destination with the same identifier (name{lstnumber
.-2.2}) has been already used, duplicate ignored
<to be read again> 
                   \relax 
l.436 \lthtmlcheckvsize
                       \clearpage}

! LaTeX Error: Command \ttfamily invalid in math mode.

See the LaTeX manual or LaTeX Companion for explanation.
Type  H <return>  for immediate help.
 ...                                              
                                                  
l.441 \lthtmlindisplaymathZ
                           
Please use the math alphabet \mathtt instead of the \ttfamily command. 


LaTeX Font Warning: Command \footnotesize invalid in math mode on input line 44
1.


:tex2html_wrap_inline4403:lthtmlCropMarkHeight:=11.55556pt

:tex2html_wrap_inline4403:lthtmlCropMarkDepth:=1.11111pt:1ex:=3.44444pt
[32]pdfTeX warning (ext4): destination with the same identifier (name{lstnumber
.-2.2}) has been already used, duplicate ignored
<to be read again> 
                   \relax 
l.442 \lthtmlcheckvsize
                       \clearpage}

:lstlisting138:lthtmlCropMarkHeight:=188.99998pt

:lstlisting138:lthtmlCropMarkDepth:=0.0pt:1ex:=4.30554pt
[33]

:lstlisting144:lthtmlCropMarkHeight:=27.49998pt

:lstlisting144:lthtmlCropMarkDepth:=0.0pt:1ex:=4.30554pt
[34]

:lstlisting146:lthtmlCropMarkHeight:=65.49998pt

:lstlisting146:lthtmlCropMarkDepth:=0.0pt:1ex:=4.30554pt
[35]
! Missing $ inserted.
<inserted text> 
                $
l.541 \lthtmlfigureZ
                    
I've inserted a begin-math/end-math symbol since I think
you left one out. Proceed, with fingers crossed.

! Extra }, or forgotten $.
<argument> ...pack();^^Mthis.setVisible(true);^^M}
                                                  ^^M\par ^^Mpublic static v...
l.541 \lthtmlfigureZ
                    
I've deleted a group-closing symbol because it seems to be
spurious, as in `$x}$'. But perhaps the } is legitimate and
you forgot something else, as in `\hbox{$x}'. In such cases
the way to recover is to insert both the forgotten and the
deleted material, e.g., by typing `I$}'.

! Missing $ inserted.
<inserted text> 
                $
l.541 \lthtmlfigureZ
                    
I've inserted a begin-math/end-math symbol since I think
you left one out. Proceed, with fingers crossed.


Overfull \hbox (253.3465pt too wide) in paragraph at lines 541--541
\OT1/cmtt/m/n/8 super("hello");this.setDefaultCloseOperation(WindowConstants.EX
IT$[]\OML/cmm/m/it/8 N[]LOSE\OT1/cmr/m/n/8 ); \OML/cmm/m/it/8 this:add\OT1/cmr/
m/n/8 (\OML/cmm/m/it/8 newJLabel\OT1/cmr/m/n/8 ("\OML/cmm/m/it/8 Hello; world\O
T1/cmr/m/n/8 !")); \OML/cmm/m/it/8 this:pack\OT1/cmr/m/n/8 (); \OML/cmm/m/it/8 
this:setVisible\OT1/cmr/m/n/8 (\OML/cmm/m/it/8 true\OT1/cmr/m/n/8 );$  
 []


:lstlisting151:lthtmlCropMarkHeight:=55.99998pt

:lstlisting151:lthtmlCropMarkDepth:=0.0pt:1ex:=4.30554pt
[36]

! LaTeX Error: Command \ttfamily invalid in math mode.

See the LaTeX manual or LaTeX Companion for explanation.
Type  H <return>  for immediate help.
 ...                                              
                                                  
l.547 \lthtmlindisplaymathZ
                           
Please use the math alphabet \mathtt instead of the \ttfamily command. 


LaTeX Font Warning: Command \footnotesize invalid in math mode on input line 54
7.


:tex2html_wrap_inline4407:lthtmlCropMarkHeight:=10.88889pt

:tex2html_wrap_inline4407:lthtmlCropMarkDepth:=1.77777pt:1ex:=3.44444pt
[37]pdfTeX warning (ext4): destination with the same identifier (name{lstnumber
.-6.2}) has been already used, duplicate ignored
<to be read again> 
                   \relax 
l.548 \lthtmlcheckvsize
                       \clearpage}

! LaTeX Error: Command \ttfamily invalid in math mode.

See the LaTeX manual or LaTeX Companion for explanation.
Type  H <return>  for immediate help.
 ...                                              
                                                  
l.553 \lthtmlindisplaymathZ
                           
Please use the math alphabet \mathtt instead of the \ttfamily command. 


LaTeX Font Warning: Command \footnotesize invalid in math mode on input line 55
3.


:tex2html_wrap_inline4409:lthtmlCropMarkHeight:=10.88889pt

:tex2html_wrap_inline4409:lthtmlCropMarkDepth:=1.77777pt:1ex:=3.44444pt
[38]pdfTeX warning (ext4): destination with the same identifier (name{lstnumber
.-6.2}) has been already used, duplicate ignored
<to be read again> 
                   \relax 
l.554 \lthtmlcheckvsize
                       \clearpage}

! LaTeX Error: Command \ttfamily invalid in math mode.

See the LaTeX manual or LaTeX Companion for explanation.
Type  H <return>  for immediate help.
 ...                                              
                                                  
l.559 \lthtmlindisplaymathZ
                           
Please use the math alphabet \mathtt instead of the \ttfamily command. 


LaTeX Font Warning: Command \footnotesize invalid in math mode on input line 55
9.


:tex2html_wrap_inline4411:lthtmlCropMarkHeight:=10.88889pt

:tex2html_wrap_inline4411:lthtmlCropMarkDepth:=0.0pt:1ex:=3.44444pt
[39]pdfTeX warning (ext4): destination with the same identifier (name{lstnumber
.-6.2}) has been already used, duplicate ignored
<to be read again> 
                   \relax 
l.560 \lthtmlcheckvsize
                       \clearpage}

! LaTeX Error: Command \ttfamily invalid in math mode.

See the LaTeX manual or LaTeX Companion for explanation.
Type  H <return>  for immediate help.
 ...                                              
                                                  
l.565 \lthtmlindisplaymathZ
                           
Please use the math alphabet \mathtt instead of the \ttfamily command. 


LaTeX Font Warning: Command \footnotesize invalid in math mode on input line 56
5.


:tex2html_wrap_inline4413:lthtmlCropMarkHeight:=10.88889pt

:tex2html_wrap_inline4413:lthtmlCropMarkDepth:=0.0pt:1ex:=3.44444pt
[40]pdfTeX warning (ext4): destination with the same identifier (name{lstnumber
.-6.2}) has been already used, duplicate ignored
<to be read again> 
                   \relax 
l.566 \lthtmlcheckvsize
                       \clearpage}

! LaTeX Error: Command \ttfamily invalid in math mode.

See the LaTeX manual or LaTeX Companion for explanation.
Type  H <return>  for immediate help.
 ...                                              
                                                  
l.571 \lthtmlindisplaymathZ
                           
Please use the math alphabet \mathtt instead of the \ttfamily command. 


LaTeX Font Warning: Command \footnotesize invalid in math mode on input line 57
1.


:tex2html_wrap_inline4415:lthtmlCropMarkHeight:=10.88889pt

:tex2html_wrap_inline4415:lthtmlCropMarkDepth:=0.0pt:1ex:=3.44444pt
[41]pdfTeX warning (ext4): destination with the same identifier (name{lstnumber
.-6.2}) has been already used, duplicate ignored
<to be read again> 
                   \relax 
l.572 \lthtmlcheckvsize
                       \clearpage}

! LaTeX Error: Command \ttfamily invalid in math mode.

See the LaTeX manual or LaTeX Companion for explanation.
Type  H <return>  for immediate help.
 ...                                              
                                                  
l.577 \lthtmlindisplaymathZ
                           
Please use the math alphabet \mathtt instead of the \ttfamily command. 


LaTeX Font Warning: Command \footnotesize invalid in math mode on input line 57
7.


:tex2html_wrap_inline4419:lthtmlCropMarkHeight:=11.55556pt

:tex2html_wrap_inline4419:lthtmlCropMarkDepth:=0.66666pt:1ex:=3.44444pt
[42]pdfTeX warning (ext4): destination with the same identifier (name{lstnumber
.-6.2}) has been already used, duplicate ignored
<to be read again> 
                   \relax 
l.578 \lthtmlcheckvsize
                       \clearpage}

! LaTeX Error: Command \ttfamily invalid in math mode.

See the LaTeX manual or LaTeX Companion for explanation.
Type  H <return>  for immediate help.
 ...                                              
                                                  
l.583 \lthtmlindisplaymathZ
                           
Please use the math alphabet \mathtt instead of the \ttfamily command. 


LaTeX Font Warning: Command \footnotesize invalid in math mode on input line 58
3.


:tex2html_wrap_inline4421:lthtmlCropMarkHeight:=11.55556pt

:tex2html_wrap_inline4421:lthtmlCropMarkDepth:=1.77777pt:1ex:=3.44444pt
[43]pdfTeX warning (ext4): destination with the same identifier (name{lstnumber
.-6.2}) has been already used, duplicate ignored
<to be read again> 
                   \relax 
l.584 \lthtmlcheckvsize
                       \clearpage}

! LaTeX Error: Command \ttfamily invalid in math mode.

See the LaTeX manual or LaTeX Companion for explanation.
Type  H <return>  for immediate help.
 ...                                              
                                                  
l.589 \lthtmlindisplaymathZ
                           
Please use the math alphabet \mathtt instead of the \ttfamily command. 


LaTeX Font Warning: Command \footnotesize invalid in math mode on input line 58
9.


:tex2html_wrap_inline4425:lthtmlCropMarkHeight:=10.88889pt

:tex2html_wrap_inline4425:lthtmlCropMarkDepth:=0.78885pt:1ex:=3.44444pt
[44]pdfTeX warning (ext4): destination with the same identifier (name{lstnumber
.-6.2}) has been already used, duplicate ignored
<to be read again> 
                   \relax 
l.590 \lthtmlcheckvsize
                       \clearpage}

! LaTeX Error: Command \ttfamily invalid in math mode.

See the LaTeX manual or LaTeX Companion for explanation.
Type  H <return>  for immediate help.
 ...                                              
                                                  
l.595 \lthtmlindisplaymathZ
                           
Please use the math alphabet \mathtt instead of the \ttfamily command. 


LaTeX Font Warning: Command \footnotesize invalid in math mode on input line 59
5.


:tex2html_wrap_inline4429:lthtmlCropMarkHeight:=10.88889pt

:tex2html_wrap_inline4429:lthtmlCropMarkDepth:=0.0pt:1ex:=3.44444pt
[45]pdfTeX warning (ext4): destination with the same identifier (name{lstnumber
.-6.2}) has been already used, duplicate ignored
<to be read again> 
                   \relax 
l.596 \lthtmlcheckvsize
                       \clearpage}

! LaTeX Error: Command \ttfamily invalid in math mode.

See the LaTeX manual or LaTeX Companion for explanation.
Type  H <return>  for immediate help.
 ...                                              
                                                  
l.601 \lthtmlindisplaymathZ
                           
Please use the math alphabet \mathtt instead of the \ttfamily command. 


LaTeX Font Warning: Command \footnotesize invalid in math mode on input line 60
1.


:tex2html_wrap_inline4431:lthtmlCropMarkHeight:=11.55556pt

:tex2html_wrap_inline4431:lthtmlCropMarkDepth:=1.77777pt:1ex:=3.44444pt
[46]pdfTeX warning (ext4): destination with the same identifier (name{lstnumber
.-6.2}) has been already used, duplicate ignored
<to be read again> 
                   \relax 
l.602 \lthtmlcheckvsize
                       \clearpage}

! LaTeX Error: Command \ttfamily invalid in math mode.

See the LaTeX manual or LaTeX Companion for explanation.
Type  H <return>  for immediate help.
 ...                                              
                                                  
l.607 \lthtmlindisplaymathZ
                           
Please use the math alphabet \mathtt instead of the \ttfamily command. 


LaTeX Font Warning: Command \footnotesize invalid in math mode on input line 60
7.


:tex2html_wrap_inline4433:lthtmlCropMarkHeight:=10.88889pt

:tex2html_wrap_inline4433:lthtmlCropMarkDepth:=0.0pt:1ex:=3.44444pt
[47]pdfTeX warning (ext4): destination with the same identifier (name{lstnumber
.-6.2}) has been already used, duplicate ignored
<to be read again> 
                   \relax 
l.608 \lthtmlcheckvsize
                       \clearpage}

! LaTeX Error: Command \ttfamily invalid in math mode.

See the LaTeX manual or LaTeX Companion for explanation.
Type  H <return>  for immediate help.
 ...                                              
                                                  
l.613 \lthtmlindisplaymathZ
                           
Please use the math alphabet \mathtt instead of the \ttfamily command. 


LaTeX Font Warning: Command \footnotesize invalid in math mode on input line 61
3.


:tex2html_wrap_inline4435:lthtmlCropMarkHeight:=11.55556pt

:tex2html_wrap_inline4435:lthtmlCropMarkDepth:=1.77777pt:1ex:=3.44444pt
[48]pdfTeX warning (ext4): destination with the same identifier (name{lstnumber
.-6.2}) has been already used, duplicate ignored
<to be read again> 
                   \relax 
l.614 \lthtmlcheckvsize
                       \clearpage}

! LaTeX Error: Command \ttfamily invalid in math mode.

See the LaTeX manual or LaTeX Companion for explanation.
Type  H <return>  for immediate help.
 ...                                              
                                                  
l.619 \lthtmlindisplaymathZ
                           
Please use the math alphabet \mathtt instead of the \ttfamily command. 


LaTeX Font Warning: Command \footnotesize invalid in math mode on input line 61
9.


:tex2html_wrap_inline4437:lthtmlCropMarkHeight:=10.88889pt

:tex2html_wrap_inline4437:lthtmlCropMarkDepth:=0.0pt:1ex:=3.44444pt
[49]pdfTeX warning (ext4): destination with the same identifier (name{lstnumber
.-6.2}) has been already used, duplicate ignored
<to be read again> 
                   \relax 
l.620 \lthtmlcheckvsize
                       \clearpage}

! LaTeX Error: Command \ttfamily invalid in math mode.

See the LaTeX manual or LaTeX Companion for explanation.
Type  H <return>  for immediate help.
 ...                                              
                                                  
l.625 \lthtmlindisplaymathZ
                           
Please use the math alphabet \mathtt instead of the \ttfamily command. 


LaTeX Font Warning: Command \footnotesize invalid in math mode on input line 62
5.


:tex2html_wrap_inline4439:lthtmlCropMarkHeight:=11.55556pt

:tex2html_wrap_inline4439:lthtmlCropMarkDepth:=0.66666pt:1ex:=3.44444pt
[50]pdfTeX warning (ext4): destination with the same identifier (name{lstnumber
.-6.2}) has been already used, duplicate ignored
<to be read again> 
                   \relax 
l.626 \lthtmlcheckvsize
                       \clearpage}

! LaTeX Error: Command \ttfamily invalid in math mode.

See the LaTeX manual or LaTeX Companion for explanation.
Type  H <return>  for immediate help.
 ...                                              
                                                  
l.631 \lthtmlindisplaymathZ
                           
Please use the math alphabet \mathtt instead of the \ttfamily command. 


LaTeX Font Warning: Command \footnotesize invalid in math mode on input line 63
1.


:tex2html_wrap_inline4441:lthtmlCropMarkHeight:=11.55556pt

:tex2html_wrap_inline4441:lthtmlCropMarkDepth:=0.66666pt:1ex:=3.44444pt
[51]pdfTeX warning (ext4): destination with the same identifier (name{lstnumber
.-6.2}) has been already used, duplicate ignored
<to be read again> 
                   \relax 
l.632 \lthtmlcheckvsize
                       \clearpage}

! LaTeX Error: Command \ttfamily invalid in math mode.

See the LaTeX manual or LaTeX Companion for explanation.
Type  H <return>  for immediate help.
 ...                                              
                                                  
l.637 \lthtmlindisplaymathZ
                           
Please use the math alphabet \mathtt instead of the \ttfamily command. 


LaTeX Font Warning: Command \footnotesize invalid in math mode on input line 63
7.


:tex2html_wrap_inline4443:lthtmlCropMarkHeight:=10.88889pt

:tex2html_wrap_inline4443:lthtmlCropMarkDepth:=1.77777pt:1ex:=3.44444pt
[52]pdfTeX warning (ext4): destination with the same identifier (name{lstnumber
.-6.2}) has been already used, duplicate ignored
<to be read again> 
                   \relax 
l.638 \lthtmlcheckvsize
                       \clearpage}

! LaTeX Error: Command \ttfamily invalid in math mode.

See the LaTeX manual or LaTeX Companion for explanation.
Type  H <return>  for immediate help.
 ...                                              
                                                  
l.643 \lthtmlindisplaymathZ
                           
Please use the math alphabet \mathtt instead of the \ttfamily command. 


LaTeX Font Warning: Command \footnotesize invalid in math mode on input line 64
3.


:tex2html_wrap_inline4445:lthtmlCropMarkHeight:=10.42859pt

:tex2html_wrap_inline4445:lthtmlCropMarkDepth:=0.0pt:1ex:=3.44444pt
[53]pdfTeX warning (ext4): destination with the same identifier (name{lstnumber
.-6.2}) has been already used, duplicate ignored
<to be read again> 
                   \relax 
l.644 \lthtmlcheckvsize
                       \clearpage}
! Missing $ inserted.
<inserted text> 
                $
l.683 \lthtmlfigureZ
                    
I've inserted a begin-math/end-math symbol since I think
you left one out. Proceed, with fingers crossed.

! Extra }, or forgotten $.
<argument> ...t visible.^^Mf.setVisible(true);^^M}
                                                  ^^M\par ^^Mpublic static v...
l.683 \lthtmlfigureZ
                    
I've deleted a group-closing symbol because it seems to be
spurious, as in `$x}$'. But perhaps the } is legitimate and
you forgot something else, as in `\hbox{$x}'. In such cases
the way to recover is to insert both the forgotten and the
deleted material, e.g., by typing `I$}'.

! Missing $ inserted.
<inserted text> 
                $
l.683 \lthtmlfigureZ
                    
I've inserted a begin-math/end-math symbol since I think
you left one out. Proceed, with fingers crossed.


Overfull \hbox (1129.61942pt too wide) in paragraph at lines 683--683
\OT1/cmtt/m/n/8 closedf.setDefaultCloseOperation(WindowConstants.EXIT$[]\OML/cm
m/m/it/8 N[]LOSE\OT1/cmr/m/n/8 ); \OML/cmm/m/it/8 ==Addalayoutmanagersothattheb
uttonisnotplacedontopofthelabelf:setLayout\OT1/cmr/m/n/8 (\OML/cmm/m/it/8 newFl
owLayout\OT1/cmr/m/n/8 ()); \OML/cmm/m/it/8 ==Addalabelandabuttonf:add\OT1/cmr/
m/n/8 (\OML/cmm/m/it/8 newJLabel\OT1/cmr/m/n/8 ("\OML/cmm/m/it/8 Hello; world\O
T1/cmr/m/n/8 !")); \OML/cmm/m/it/8 f:add\OT1/cmr/m/n/8 (\OML/cmm/m/it/8 newJBut
ton\OT1/cmr/m/n/8 ("\OML/cmm/m/it/8 Pressme\OT1/cmr/m/n/8 !")); \OML/cmm/m/it/8
 ==Arrangethecomponentsinsidethewindowf:pack\OT1/cmr/m/n/8 (); \OML/cmm/m/it/8 
==Bydefault; thewindowisnotvisible:Makeitvisible:f:setVisible\OT1/cmr/m/n/8 (\O
ML/cmm/m/it/8 true\OT1/cmr/m/n/8 );$  
 []


:lstlisting182:lthtmlCropMarkHeight:=111.92773pt

:lstlisting182:lthtmlCropMarkDepth:=0.0pt:1ex:=4.30554pt
[54]

! LaTeX Error: Command \ttfamily invalid in math mode.

See the LaTeX manual or LaTeX Companion for explanation.
Type  H <return>  for immediate help.
 ...                                              
                                                  
l.689 \lthtmlindisplaymathZ
                           
Please use the math alphabet \mathtt instead of the \ttfamily command. 


LaTeX Font Warning: Command \footnotesize invalid in math mode on input line 68
9.


:tex2html_wrap_inline4447:lthtmlCropMarkHeight:=11.55556pt

:tex2html_wrap_inline4447:lthtmlCropMarkDepth:=1.77777pt:1ex:=3.44444pt
[55]pdfTeX warning (ext4): destination with the same identifier (name{lstnumber
.-7.2}) has been already used, duplicate ignored
<to be read again> 
                   \relax 
l.690 \lthtmlcheckvsize
                       \clearpage}

:lstlisting194:lthtmlCropMarkHeight:=273.42773pt

:lstlisting194:lthtmlCropMarkDepth:=0.0pt:1ex:=4.30554pt
[56]

:lstlisting224:lthtmlCropMarkHeight:=44.76108pt

:lstlisting224:lthtmlCropMarkDepth:=0.0pt:1ex:=4.30554pt
[57]

:lstlisting230:lthtmlCropMarkHeight:=27.49998pt

:lstlisting230:lthtmlCropMarkDepth:=0.0pt:1ex:=4.30554pt
[58]

! LaTeX Error: Command \ttfamily invalid in math mode.

See the LaTeX manual or LaTeX Companion for explanation.
Type  H <return>  for immediate help.
 ...                                              
                                                  
l.795 \lthtmlindisplaymathZ
                           
Please use the math alphabet \mathtt instead of the \ttfamily command. 


LaTeX Font Warning: Command \footnotesize invalid in math mode on input line 79
5.


:tex2html_wrap_inline4449:lthtmlCropMarkHeight:=10.88889pt

:tex2html_wrap_inline4449:lthtmlCropMarkDepth:=1.77777pt:1ex:=3.44444pt
[59]

:lstlisting242:lthtmlCropMarkHeight:=27.49998pt

:lstlisting242:lthtmlCropMarkDepth:=0.0pt:1ex:=4.30554pt
[60]

:lstlisting248:lthtmlCropMarkHeight:=27.49998pt

:lstlisting248:lthtmlCropMarkDepth:=0.0pt:1ex:=4.30554pt
[61]
! Undefined control sequence.
<argument> \begin {lstlisting}^^ME:\work 
                                         \java \eclipse \HelloWorld \src >di...
l.840 \lthtmlfigureZ
                    
The control sequence at the end of the top line
of your error message was never \def'ed. If you have
misspelled it (e.g., `\hobx'), type `I' and the correct
spelling (e.g., `I\hbox'). Otherwise just continue,
and I'll forget about whatever was undefined.

! Undefined control sequence.
<argument> \begin {lstlisting}^^ME:\work \java 
                                               \eclipse \HelloWorld \src >di...
l.840 \lthtmlfigureZ
                    
The control sequence at the end of the top line
of your error message was never \def'ed. If you have
misspelled it (e.g., `\hobx'), type `I' and the correct
spelling (e.g., `I\hbox'). Otherwise just continue,
and I'll forget about whatever was undefined.

! Undefined control sequence.
<argument> ...stlisting}^^ME:\work \java \eclipse 
                                                  \HelloWorld \src >dir^^MVo...
l.840 \lthtmlfigureZ
                    
The control sequence at the end of the top line
of your error message was never \def'ed. If you have
misspelled it (e.g., `\hobx'), type `I' and the correct
spelling (e.g., `I\hbox'). Otherwise just continue,
and I'll forget about whatever was undefined.

! Undefined control sequence.
<argument> ...ME:\work \java \eclipse \HelloWorld 
                                                  \src >dir^^MVolume in driv...
l.840 \lthtmlfigureZ
                    
The control sequence at the end of the top line
of your error message was never \def'ed. If you have
misspelled it (e.g., `\hobx'), type `I' and the correct
spelling (e.g., `I\hbox'). Otherwise just continue,
and I'll forget about whatever was undefined.

! Undefined control sequence.
<argument> ...ork \java \eclipse \HelloWorld \src 
                                                  >dir^^MVolume in drive E h...
l.840 \lthtmlfigureZ
                    
The control sequence at the end of the top line
of your error message was never \def'ed. If you have
misspelled it (e.g., `\hobx'), type `I' and the correct
spelling (e.g., `I\hbox'). Otherwise just continue,
and I'll forget about whatever was undefined.

! You can't use `macro parameter character #' in horizontal mode.
<argument> ...label .^^MVolume Serial Number is ##
                                                  ###### -########^^M\par ^^...
l.840 \lthtmlfigureZ
                    
Sorry, but I'm not programmed to handle this case;
I'll just pretend that you didn't ask for it.
If you're in the wrong mode, you might be able to
return to the right one by typing `I}' or `I$' or `I\par'.

! You can't use `macro parameter character #' in horizontal mode.
<argument> ...bel .^^MVolume Serial Number is ####
                                                  #### -########^^M\par ^^MD...
l.840 \lthtmlfigureZ
                    
Sorry, but I'm not programmed to handle this case;
I'll just pretend that you didn't ask for it.
If you're in the wrong mode, you might be able to
return to the right one by typing `I}' or `I$' or `I\par'.

! You can't use `macro parameter character #' in horizontal mode.
<argument> ...l .^^MVolume Serial Number is ######
                                                  ## -########^^M\par ^^MDir...
l.840 \lthtmlfigureZ
                    
Sorry, but I'm not programmed to handle this case;
I'll just pretend that you didn't ask for it.
If you're in the wrong mode, you might be able to
return to the right one by typing `I}' or `I$' or `I\par'.

! You can't use `macro parameter character #' in horizontal mode.
<argument> ....^^MVolume Serial Number is ########
                                                   -########^^M\par ^^MDirec...
l.840 \lthtmlfigureZ
                    
Sorry, but I'm not programmed to handle this case;
I'll just pretend that you didn't ask for it.
If you're in the wrong mode, you might be able to
return to the right one by typing `I}' or `I$' or `I\par'.

! You can't use `macro parameter character #' in horizontal mode.
<argument> ...Volume Serial Number is ######## -##
                                                  ######^^M\par ^^MDirectory...
l.840 \lthtmlfigureZ
                    
Sorry, but I'm not programmed to handle this case;
I'll just pretend that you didn't ask for it.
If you're in the wrong mode, you might be able to
return to the right one by typing `I}' or `I$' or `I\par'.

! You can't use `macro parameter character #' in horizontal mode.
<argument> ...lume Serial Number is ######## -####
                                                  ####^^M\par ^^MDirectory o...
l.840 \lthtmlfigureZ
                    
Sorry, but I'm not programmed to handle this case;
I'll just pretend that you didn't ask for it.
If you're in the wrong mode, you might be able to
return to the right one by typing `I}' or `I$' or `I\par'.

! You can't use `macro parameter character #' in horizontal mode.
<argument> ...me Serial Number is ######## -######
                                                  ##^^M\par ^^MDirectory of ...
l.840 \lthtmlfigureZ
                    
Sorry, but I'm not programmed to handle this case;
I'll just pretend that you didn't ask for it.
If you're in the wrong mode, you might be able to
return to the right one by typing `I}' or `I$' or `I\par'.

! You can't use `macro parameter character #' in horizontal mode.
<argument> ... Serial Number is ######## -########
                                                  ^^M\par ^^MDirectory of E:...
l.840 \lthtmlfigureZ
                    
Sorry, but I'm not programmed to handle this case;
I'll just pretend that you didn't ask for it.
If you're in the wrong mode, you might be able to
return to the right one by typing `I}' or `I$' or `I\par'.

! Undefined control sequence.
<argument> ...####^^M\par ^^MDirectory of E:\work 
                                                  \java \eclipse \HelloWorld...
l.840 \lthtmlfigureZ
                    
The control sequence at the end of the top line
of your error message was never \def'ed. If you have
misspelled it (e.g., `\hobx'), type `I' and the correct
spelling (e.g., `I\hbox'). Otherwise just continue,
and I'll forget about whatever was undefined.

! Undefined control sequence.
<argument> ...M\par ^^MDirectory of E:\work \java 
                                                  \eclipse \HelloWorld \src ...
l.840 \lthtmlfigureZ
                    
The control sequence at the end of the top line
of your error message was never \def'ed. If you have
misspelled it (e.g., `\hobx'), type `I' and the correct
spelling (e.g., `I\hbox'). Otherwise just continue,
and I'll forget about whatever was undefined.

! Undefined control sequence.
<argument> ...Directory of E:\work \java \eclipse 
                                                  \HelloWorld \src ^^M6 .^^M...
l.840 \lthtmlfigureZ
                    
The control sequence at the end of the top line
of your error message was never \def'ed. If you have
misspelled it (e.g., `\hobx'), type `I' and the correct
spelling (e.g., `I\hbox'). Otherwise just continue,
and I'll forget about whatever was undefined.

! Undefined control sequence.
<argument> ... E:\work \java \eclipse \HelloWorld 
                                                  \src ^^M6 .^^M7 ..^^M179 h...
l.840 \lthtmlfigureZ
                    
The control sequence at the end of the top line
of your error message was never \def'ed. If you have
misspelled it (e.g., `\hobx'), type `I' and the correct
spelling (e.g., `I\hbox'). Otherwise just continue,
and I'll forget about whatever was undefined.

! Undefined control sequence.
<argument> ...ork \java \eclipse \HelloWorld \src 
                                                  ^^M6 .^^M7 ..^^M179 hellow...
l.840 \lthtmlfigureZ
                    
The control sequence at the end of the top line
of your error message was never \def'ed. If you have
misspelled it (e.g., `\hobx'), type `I' and the correct
spelling (e.g., `I\hbox'). Otherwise just continue,
and I'll forget about whatever was undefined.


:lstlisting313:lthtmlCropMarkHeight:=46.49998pt

:lstlisting313:lthtmlCropMarkDepth:=0.0pt:1ex:=4.30554pt
[62])
Runaway argument?
\begin {lstlisting}^^M// package p1^^Mpackage p1 ;^^M\par ^^Mpublic c\ETC.
! File ended while scanning use of \lthtmlfigureA.
<inserted text> 
                \par 
<*> ./images.tex
                
I suspect you have forgotten a `}', causing me
to read past where you wanted me to stop.
I'll try to recover; but if the error is serious,
you'd better type `E' or `X' now and fix your file.

! Emergency stop.
<*> ./images.tex
                
*** (job aborted, no legal \end found)

 
Here is how much of TeX's memory you used:
 14359 strings out of 483183
 218303 string characters out of 5966292
 783825 words of memory out of 5000000
 29053 multiletter control sequences out of 15000+600000
 535401 words of font info for 36 fonts, out of 8000000 for 9000
 14 hyphenation exceptions out of 8191
 51i,9n,95p,1009b,1446s stack positions out of 5000i,500n,10000p,200000b,80000s
!  ==> Fatal error occurred, no output PDF file produced!
